M:\My Dropbox\Uni\INB265 Systems Programming\Assignment 2\ServerClient\Debug\cl.command.1.tlog
M:\My Dropbox\Uni\INB265 Systems Programming\Assignment 2\ServerClient\Debug\CL.read.1.tlog
M:\My Dropbox\Uni\INB265 Systems Programming\Assignment 2\ServerClient\Debug\CL.write.1.tlog
M:\My Dropbox\Uni\INB265 Systems Programming\Assignment 2\ServerClient\Debug\link.command.1.tlog
M:\My Dropbox\Uni\INB265 Systems Programming\Assignment 2\ServerClient\Debug\link.read.1.tlog
M:\My Dropbox\Uni\INB265 Systems Programming\Assignment 2\ServerClient\Debug\link.write.1.tlog
M:\My Dropbox\Uni\INB265 Systems Programming\Assignment 2\ServerClient\Debug\link-cvtres.read.1.tlog
M:\My Dropbox\Uni\INB265 Systems Programming\Assignment 2\ServerClient\Debug\link-cvtres.write.1.tlog
M:\My Dropbox\Uni\INB265 Systems Programming\Assignment 2\ServerClient\Debug\mt.command.1.tlog
M:\My Dropbox\Uni\INB265 Systems Programming\Assignment 2\ServerClient\Debug\mt.read.1.tlog
M:\My Dropbox\Uni\INB265 Systems Programming\Assignment 2\ServerClient\Debug\mt.write.1.tlog
M:\My Dropbox\Uni\INB265 Systems Programming\Assignment 2\ServerClient\Debug\rc.command.1.tlog
M:\My Dropbox\Uni\INB265 Systems Programming\Assignment 2\ServerClient\Debug\rc.read.1.tlog
M:\My Dropbox\Uni\INB265 Systems Programming\Assignment 2\ServerClient\Debug\rc.write.1.tlog
M:\MY DROPBOX\UNI\INB265 SYSTEMS PROGRAMMING\ASSIGNMENT 2\SERVERCLIENT\DEBUG\SERVERCLIENT.EXE
M:\MY DROPBOX\UNI\INB265 SYSTEMS PROGRAMMING\ASSIGNMENT 2\SERVERCLIENT\DEBUG\SERVERCLIENT.EXE.EMBED.MANIFEST
M:\MY DROPBOX\UNI\INB265 SYSTEMS PROGRAMMING\ASSIGNMENT 2\SERVERCLIENT\DEBUG\SERVERCLIENT.EXE.EMBED.MANIFEST.RES
M:\MY DROPBOX\UNI\INB265 SYSTEMS PROGRAMMING\ASSIGNMENT 2\SERVERCLIENT\DEBUG\SERVERCLIENT.EXE.INTERMEDIATE.MANIFEST
M:\MY DROPBOX\UNI\INB265 SYSTEMS PROGRAMMING\ASSIGNMENT 2\SERVERCLIENT\DEBUG\SERVERCLIENT.ILK
M:\MY DROPBOX\UNI\INB265 SYSTEMS PROGRAMMING\ASSIGNMENT 2\SERVERCLIENT\DEBUG\SERVERCLIENT.OBJ
M:\MY DROPBOX\UNI\INB265 SYSTEMS PROGRAMMING\ASSIGNMENT 2\SERVERCLIENT\DEBUG\SERVERCLIENT.PDB
M:\My Dropbox\Uni\INB265 Systems Programming\Assignment 2\ServerClient\Debug\ServerClient_manifest.rc
M:\My Dropbox\Uni\INB265 Systems Programming\Assignment 2\ServerClient\Debug\vc100.idb
M:\MY DROPBOX\UNI\INB265 SYSTEMS PROGRAMMING\ASSIGNMENT 2\SERVERCLIENT\DEBUG\VC100.PDB
