Build started 10/7/2010 10:46:38 AM.
     1>Project "M:\My Dropbox\Uni\INB265 Systems Programming\Assignment 2\ServerClient\ServerClient.vcxproj" on node 2 (build target(s)).
     1>InitializeBuildStatus:
         Creating "Debug\ServerClient.unsuccessfulbuild" because "AlwaysCreate" was specified.
       ClCompile:
         C:\Program Files\Microsoft Visual Studio 10.0\VC\bin\CL.exe /c /ZI /nologo /W3 /WX- /Od /Oy- /D WIN32 /D _DEBUG /D _CONSOLE /D _UNICODE /D UNICODE /Gm /EHsc /RTC1 /MDd /GS /fp:precise /Zc:wchar_t /Zc:forScope /Fo"Debug\\" /Fd"Debug\vc100.pdb" /Gd /TP /analyze- /errorReport:prompt ServerClient.cpp
         ServerClient.cpp
     1>m:\my dropbox\uni\inb265 systems programming\assignment 2\serverclient\serverclient.cpp(16): warning C4996: 'fopen': This function or variable may be unsafe. Consider using fopen_s instead. To disable deprecation, use _CRT_SECURE_NO_WARNINGS. See online help for details.
                 c:\program files\microsoft visual studio 10.0\vc\include\stdio.h(234) : see declaration of 'fopen'
       ManifestResourceCompile:
         All outputs are up-to-date.
       Link:
         C:\Program Files\Microsoft Visual Studio 10.0\VC\bin\link.exe /ERRORREPORT:PROMPT /OUT:"M:\My Dropbox\Uni\INB265 Systems Programming\Assignment 2\ServerClient\Debug\ServerClient.exe" /INCREMENTAL /NOLOGO kernel32.lib user32.lib gdi32.lib winspool.lib comdlg32.lib advapi32.lib shell32.lib ole32.lib oleaut32.lib uuid.lib odbc32.lib odbccp32.lib /MANIFEST /ManifestFile:"Debug\ServerClient.exe.intermediate.manifest" /MANIFESTUAC:"level='asInvoker' uiAccess='false'" /DEBUG /PDB:"M:\My Dropbox\Uni\INB265 Systems Programming\Assignment 2\ServerClient\Debug\ServerClient.pdb" /SUBSYSTEM:CONSOLE /TLBID:1 /DYNAMICBASE /NXCOMPAT /IMPLIB:"M:\My Dropbox\Uni\INB265 Systems Programming\Assignment 2\ServerClient\Debug\ServerClient.lib" /MACHINE:X86 Debug\ServerClient.exe.embed.manifest.res
         Debug\ServerClient.obj
       Manifest:
         C:\Program Files\Microsoft SDKs\Windows\v7.0A\bin\mt.exe /nologo /verbose /out:"Debug\ServerClient.exe.embed.manifest" /manifest Debug\ServerClient.exe.intermediate.manifest
         All outputs are up-to-date.
       LinkEmbedManifest:
         All outputs are up-to-date.
         ServerClient.vcxproj -> M:\My Dropbox\Uni\INB265 Systems Programming\Assignment 2\ServerClient\Debug\ServerClient.exe
       FinalizeBuildStatus:
         Deleting file "Debug\ServerClient.unsuccessfulbuild".
         Touching "Debug\ServerClient.lastbuildstate".
     1>Done Building Project "M:\My Dropbox\Uni\INB265 Systems Programming\Assignment 2\ServerClient\ServerClient.vcxproj" (build target(s)).

Build succeeded.

Time Elapsed 00:00:00.55
