M:\My Dropbox\Uni\INB265 Systems Programming\tutorial1\tutorial1\Debug\cl.command.1.tlog
M:\My Dropbox\Uni\INB265 Systems Programming\tutorial1\tutorial1\Debug\CL.read.1.tlog
M:\My Dropbox\Uni\INB265 Systems Programming\tutorial1\tutorial1\Debug\CL.write.1.tlog
M:\MY DROPBOX\UNI\INB265 SYSTEMS PROGRAMMING\TUTORIAL1\TUTORIAL1\DEBUG\DISPLAY.OBJ
M:\MY DROPBOX\UNI\INB265 SYSTEMS PROGRAMMING\TUTORIAL1\TUTORIAL1\DEBUG\KEYPAD.OBJ
M:\My Dropbox\Uni\INB265 Systems Programming\tutorial1\tutorial1\Debug\link.3064.read.1.tlog
M:\My Dropbox\Uni\INB265 Systems Programming\tutorial1\tutorial1\Debug\link.3064.write.1.tlog
M:\My Dropbox\Uni\INB265 Systems Programming\tutorial1\tutorial1\Debug\link.3064-cvtres.read.1.tlog
M:\My Dropbox\Uni\INB265 Systems Programming\tutorial1\tutorial1\Debug\link.3064-cvtres.write.1.tlog
M:\My Dropbox\Uni\INB265 Systems Programming\tutorial1\tutorial1\Debug\link.command.1.tlog
M:\My Dropbox\Uni\INB265 Systems Programming\tutorial1\tutorial1\Debug\link.read.1.tlog
M:\My Dropbox\Uni\INB265 Systems Programming\tutorial1\tutorial1\Debug\link.write.1.tlog
M:\My Dropbox\Uni\INB265 Systems Programming\tutorial1\tutorial1\Debug\link-cvtres.read.1.tlog
M:\My Dropbox\Uni\INB265 Systems Programming\tutorial1\tutorial1\Debug\link-cvtres.write.1.tlog
M:\MY DROPBOX\UNI\INB265 SYSTEMS PROGRAMMING\TUTORIAL1\TUTORIAL1\DEBUG\MAIN.OBJ
M:\My Dropbox\Uni\INB265 Systems Programming\tutorial1\tutorial1\Debug\mt.command.1.tlog
M:\My Dropbox\Uni\INB265 Systems Programming\tutorial1\tutorial1\Debug\mt.read.1.tlog
M:\My Dropbox\Uni\INB265 Systems Programming\tutorial1\tutorial1\Debug\mt.write.1.tlog
M:\My Dropbox\Uni\INB265 Systems Programming\tutorial1\tutorial1\Debug\rc.command.1.tlog
M:\My Dropbox\Uni\INB265 Systems Programming\tutorial1\tutorial1\Debug\rc.read.1.tlog
M:\My Dropbox\Uni\INB265 Systems Programming\tutorial1\tutorial1\Debug\rc.write.1.tlog
M:\MY DROPBOX\UNI\INB265 SYSTEMS PROGRAMMING\TUTORIAL1\TUTORIAL1\DEBUG\TUTORIAL1.EXE
M:\MY DROPBOX\UNI\INB265 SYSTEMS PROGRAMMING\TUTORIAL1\TUTORIAL1\DEBUG\TUTORIAL1.EXE.EMBED.MANIFEST
M:\MY DROPBOX\UNI\INB265 SYSTEMS PROGRAMMING\TUTORIAL1\TUTORIAL1\DEBUG\TUTORIAL1.EXE.EMBED.MANIFEST.RES
M:\MY DROPBOX\UNI\INB265 SYSTEMS PROGRAMMING\TUTORIAL1\TUTORIAL1\DEBUG\TUTORIAL1.EXE.INTERMEDIATE.MANIFEST
M:\MY DROPBOX\UNI\INB265 SYSTEMS PROGRAMMING\TUTORIAL1\TUTORIAL1\DEBUG\TUTORIAL1.ILK
M:\MY DROPBOX\UNI\INB265 SYSTEMS PROGRAMMING\TUTORIAL1\TUTORIAL1\DEBUG\TUTORIAL1.PDB
M:\My Dropbox\Uni\INB265 Systems Programming\tutorial1\tutorial1\Debug\tutorial1_manifest.rc
M:\My Dropbox\Uni\INB265 Systems Programming\tutorial1\tutorial1\Debug\vc100.idb
M:\MY DROPBOX\UNI\INB265 SYSTEMS PROGRAMMING\TUTORIAL1\TUTORIAL1\DEBUG\VC100.PDB
